0 info it worked if it ends with ok
1 verbose cli [ 'C:\\Program Files\\nodejs\\node.exe',
1 verbose cli   'C:\\Users\\kalaiselvi.rajendran\\AppData\\Roaming\\npm\\node_modules\\npm\\bin\\npm-cli.js',
1 verbose cli   'start' ]
2 info using npm@4.1.2
3 info using node@v7.6.0
4 verbose run-script [ 'prestart', 'start', 'poststart' ]
5 info lifecycle ej2-quickstart@0.0.1~prestart: ej2-quickstart@0.0.1
6 silly lifecycle ej2-quickstart@0.0.1~prestart: no script for prestart, continuing
7 info lifecycle ej2-quickstart@0.0.1~start: ej2-quickstart@0.0.1
8 verbose lifecycle ej2-quickstart@0.0.1~start: unsafe-perm in lifecycle true
9 verbose lifecycle ej2-quickstart@0.0.1~start: PATH: C:\Users\kalaiselvi.rajendran\AppData\Roaming\npm\node_modules\npm\bin\node-gyp-bin;D:\20-11-2017(Samples)\EJ2\Samples\ej2-AutoComplete-custom-filtering\node_modules\.bin;C:\Program Files (x86)\Intel\iCLS Client\;C:\Program Files\Intel\iCLS Client\;C:\Windows\system32;C:\Windows;C:\Windows\System32\Wbem;C:\Windows\System32\WindowsPowerShell\v1.0\;C:\Program Files (x86)\Intel\OpenCL SDK\2.0\bin\x86;C:\Program Files (x86)\Intel\OpenCL SDK\2.0\bin\x64;C:\Program Files\Intel\WiFi\bin\;C:\Program Files\Common Files\Intel\WirelessCommon\;C:\Program Files\Intel\Intel(R) Management Engine Components\DAL;C:\Program Files\Intel\Intel(R) Management Engine Components\IPT;C:\Program Files (x86)\Intel\Intel(R) Management Engine Components\DAL;C:\Program Files (x86)\Intel\Intel(R) Management Engine Components\IPT;C:\Program Files\Microsoft SQL Server\110\Tools\Binn\;C:\Program Files\Microsoft SQL Server\120\Tools\Binn\;C:\Program Files\Microsoft SQL Server\130\Tools\Binn\;C:\Program Files\TortoiseSVN\bin;C:\Program Files\TortoiseGit\bin;C:\Program Files\Git\cmd;C:\Program Files (x86)\Microsoft Emulator Manager\1.0\;C:\Program Files (x86)\Windows Kits\10\Windows Performance Toolkit\;C:\Users\kalaiselvi.rajendran\AppData\Roaming\npm;C:\Program Files\dotnet\;C:\Program Files\Microsoft SQL Server\110\DTS\Binn\;C:\Program Files (x86)\Microsoft SQL Server\110\Tools\Binn\;C:\Program Files (x86)\Microsoft SQL Server\110\Tools\Binn\ManagementStudio\;C:\Program Files (x86)\Microsoft Visual Studio 10.0\Common7\IDE\PrivateAssemblies\;C:\Program Files (x86)\Microsoft SQL Server\110\DTS\Binn\;C:\Program Files\nodejs\;C:\Program Files (x86)\Microsoft VS Code\bin;C:\Users\kalaiselvi.rajendran\AppData\Roaming\npm
10 verbose lifecycle ej2-quickstart@0.0.1~start: CWD: D:\20-11-2017(Samples)\EJ2\Samples\ej2-AutoComplete-custom-filtering
11 silly lifecycle ej2-quickstart@0.0.1~start: Args: [ '/d /s /c', 'gulp start' ]
12 silly lifecycle ej2-quickstart@0.0.1~start: Returned: code: 3221225786  signal: null
13 info lifecycle ej2-quickstart@0.0.1~start: Failed to exec start script
14 verbose stack Error: ej2-quickstart@0.0.1 start: `gulp start`
14 verbose stack Exit status 3221225786
14 verbose stack     at EventEmitter.<anonymous> (C:\Users\kalaiselvi.rajendran\AppData\Roaming\npm\node_modules\npm\lib\utils\lifecycle.js:279:16)
14 verbose stack     at emitTwo (events.js:106:13)
14 verbose stack     at EventEmitter.emit (events.js:192:7)
14 verbose stack     at ChildProcess.<anonymous> (C:\Users\kalaiselvi.rajendran\AppData\Roaming\npm\node_modules\npm\lib\utils\spawn.js:40:14)
14 verbose stack     at emitTwo (events.js:106:13)
14 verbose stack     at ChildProcess.emit (events.js:192:7)
14 verbose stack     at maybeClose (internal/child_process.js:890:16)
14 verbose stack     at Process.ChildProcess._handle.onexit (internal/child_process.js:226:5)
15 verbose pkgid ej2-quickstart@0.0.1
16 verbose cwd D:\20-11-2017(Samples)\EJ2\Samples\ej2-AutoComplete-custom-filtering
17 error Windows_NT 6.3.9600
18 error argv "C:\\Program Files\\nodejs\\node.exe" "C:\\Users\\kalaiselvi.rajendran\\AppData\\Roaming\\npm\\node_modules\\npm\\bin\\npm-cli.js" "start"
19 error node v7.6.0
20 error npm  v4.1.2
21 error code ELIFECYCLE
22 error ej2-quickstart@0.0.1 start: `gulp start`
22 error Exit status 3221225786
23 error Failed at the ej2-quickstart@0.0.1 start script 'gulp start'.
23 error Make sure you have the latest version of node.js and npm installed.
23 error If you do, this is most likely a problem with the ej2-quickstart package,
23 error not with npm itself.
23 error Tell the author that this fails on your system:
23 error     gulp start
23 error You can get information on how to open an issue for this project with:
23 error     npm bugs ej2-quickstart
23 error Or if that isn't available, you can get their info via:
23 error     npm owner ls ej2-quickstart
23 error There is likely additional logging output above.
24 verbose exit [ 1, true ]
